<?xml version="1.0" encoding="UTF-8"?>
<testsuites name="jest tests" tests="19" failures="0" errors="0" time="24.743">
  <testsuite name="API Health Check" errors="0" failures="0" skipped="0" timestamp="2026-06-07T17:29:01" time="21.082" tests="1">
    <testcase classname="API Health Check GET / debe responder 200 con mensaje de bienvenida" name="API Health Check GET / debe responder 200 con mensaje de bienvenida" time="0.115">
    </testcase>
  </testsuite>
  <testsuite name="Upload API" errors="0" failures="0" skipped="0" timestamp="2026-06-07T17:29:01" time="21.089" tests="3">
    <testcase classname="Upload API debe subir un archivo PDF válido con 200" name="Upload API debe subir un archivo PDF válido con 200" time="0.084">
    </testcase>
    <testcase classname="Upload API debe rechazar tipos de archivo no permitidos con 400" name="Upload API debe rechazar tipos de archivo no permitidos con 400" time="0.021">
    </testcase>
    <testcase classname="Upload API debe devolver 400 cuando no se envía archivo" name="Upload API debe devolver 400 cuando no se envía archivo" time="0.01">
    </testcase>
  </testsuite>
  <testsuite name="Positions API" errors="0" failures="0" skipped="0" timestamp="2026-06-07T17:29:01" time="21.142" tests="5">
    <testcase classname="Positions API GET /positions debe devolver la lista de posiciones visibles con 200" name="Positions API GET /positions debe devolver la lista de posiciones visibles con 200" time="0.102">
    </testcase>
    <testcase classname="Positions API GET /positions/:id/candidates debe devolver candidatos de una posición existente" name="Positions API GET /positions/:id/candidates debe devolver candidatos de una posición existente" time="0.029">
    </testcase>
    <testcase classname="Positions API GET /positions/:id/candidates debe devolver array vacío para posición sin candidatos" name="Positions API GET /positions/:id/candidates debe devolver array vacío para posición sin candidatos" time="0.021">
    </testcase>
    <testcase classname="Positions API GET /positions/:id/interviewflow debe devolver el flujo de entrevistas de una posición existente" name="Positions API GET /positions/:id/interviewflow debe devolver el flujo de entrevistas de una posición existente" time="0.015">
    </testcase>
    <testcase classname="Positions API GET /positions/:id/interviewflow debe devolver 404 para posición inexistente" name="Positions API GET /positions/:id/interviewflow debe devolver 404 para posición inexistente" time="0.007">
    </testcase>
  </testsuite>
  <testsuite name="Candidates API" errors="0" failures="0" skipped="0" timestamp="2026-06-07T17:29:01" time="21.782" tests="10">
    <testcase classname="Candidates API POST /candidates debe crear un candidato válido y devolver 201" name="Candidates API POST /candidates debe crear un candidato válido y devolver 201" time="0.452">
    </testcase>
    <testcase classname="Candidates API POST /candidates debe rechazar datos inválidos con 400" name="Candidates API POST /candidates debe rechazar datos inválidos con 400" time="0.007">
    </testcase>
    <testcase classname="Candidates API POST /candidates debe rechazar email duplicado con 400" name="Candidates API POST /candidates debe rechazar email duplicado con 400" time="0.072">
    </testcase>
    <testcase classname="Candidates API POST /candidates debe crear candidato con educación y experiencia laboral" name="Candidates API POST /candidates debe crear candidato con educación y experiencia laboral" time="0.153">
    </testcase>
    <testcase classname="Candidates API GET /candidates/:id debe devolver un candidato existente con 200" name="Candidates API GET /candidates/:id debe devolver un candidato existente con 200" time="0.026">
    </testcase>
    <testcase classname="Candidates API GET /candidates/:id debe devolver 404 para candidato inexistente" name="Candidates API GET /candidates/:id debe devolver 404 para candidato inexistente" time="0.008">
    </testcase>
    <testcase classname="Candidates API GET /candidates/:id debe devolver 400 para ID no numérico" name="Candidates API GET /candidates/:id debe devolver 400 para ID no numérico" time="0.004">
    </testcase>
    <testcase classname="Candidates API PUT /candidates/:id debe actualizar la etapa de entrevista de una aplicación existente" name="Candidates API PUT /candidates/:id debe actualizar la etapa de entrevista de una aplicación existente" time="0.038">
    </testcase>
    <testcase classname="Candidates API PUT /candidates/:id debe devolver 404 para aplicación inexistente" name="Candidates API PUT /candidates/:id debe devolver 404 para aplicación inexistente" time="0.01">
    </testcase>
    <testcase classname="Candidates API PUT /candidates/:id debe devolver 400 para applicationId inválido" name="Candidates API PUT /candidates/:id debe devolver 400 para applicationId inválido" time="0.009">
    </testcase>
  </testsuite>
</testsuites>