{"numFailedTestSuites":0,"numFailedTests":0,"numPassedTestSuites":9,"numPassedTests":29,"numPendingTestSuites":0,"numPendingTests":0,"numRuntimeErrorTestSuites":0,"numTodoTests":0,"numTotalTestSuites":9,"numTotalTests":29,"openHandles":[],"snapshot":{"added":0,"didUpdate":false,"failure":false,"filesAdded":0,"filesRemoved":0,"filesRemovedList":[],"filesUnmatched":0,"filesUpdated":0,"matched":0,"total":0,"unchecked":0,"uncheckedKeysByFile":[],"unmatched":0,"updated":0},"startTime":1780823869541,"success":true,"testResults":[{"assertionResults":[{"ancestorTitles":["validateCandidateData"],"duration":22,"failureDetails":[],"failureMessages":[],"fullName":"validateCandidateData acepta un candidato con datos válidos","invocations":1,"location":null,"numPassingAsserts":1,"retryReasons":[],"status":"passed","title":"acepta un candidato con datos válidos"},{"ancestorTitles":["validateCandidateData"],"duration":32,"failureDetails":[],"failureMessages":[],"fullName":"validateCandidateData rechaza nombre demasiado corto","invocations":1,"location":null,"numPassingAsserts":1,"retryReasons":[],"status":"passed","title":"rechaza nombre demasiado corto"},{"ancestorTitles":["validateCandidateData"],"duration":2,"failureDetails":[],"failureMessages":[],"fullName":"validateCandidateData rechaza email inválido","invocations":1,"location":null,"numPassingAsserts":1,"retryReasons":[],"status":"passed","title":"rechaza email inválido"},{"ancestorTitles":["validateCandidateData"],"duration":3,"failureDetails":[],"failureMessages":[],"fullName":"validateCandidateData rechaza teléfono inválido","invocations":1,"location":null,"numPassingAsserts":1,"retryReasons":[],"status":"passed","title":"rechaza teléfono inválido"},{"ancestorTitles":["validateCandidateData"],"duration":3,"failureDetails":[],"failureMessages":[],"fullName":"validateCandidateData rechaza fecha con formato incorrecto","invocations":1,"location":null,"numPassingAsserts":1,"retryReasons":[],"status":"passed","title":"rechaza fecha con formato incorrecto"},{"ancestorTitles":["validateCandidateData"],"duration":1,"failureDetails":[],"failureMessages":[],"fullName":"validateCandidateData permite edición sin validar campos obligatorios cuando hay id","invocations":1,"location":null,"numPassingAsserts":1,"retryReasons":[],"status":"passed","title":"permite edición sin validar campos obligatorios cuando hay id"}],"endTime":1780823882992,"message":"","name":"C:\\Users\\IsaacMani\\Cursor\\AI4DEVS-LIDR\\Modulo13_AI4Devs-pipeline-202602-ro-IMV\\AI4Devs-pipeline-202602-ro-IMV\\backend\\src\\tests\\unit\\validator.test.ts","startTime":1780823870823,"status":"passed","summary":""},{"assertionResults":[{"ancestorTitles":["updateCandidateStage"],"duration":99,"failureDetails":[],"failureMessages":[],"fullName":"updateCandidateStage should update the candidate stage and return the updated application","invocations":1,"location":null,"numPassingAsserts":1,"retryReasons":[],"status":"passed","title":"should update the candidate stage and return the updated application"}],"endTime":1780823883405,"message":"","name":"C:\\Users\\IsaacMani\\Cursor\\AI4DEVS-LIDR\\Modulo13_AI4Devs-pipeline-202602-ro-IMV\\AI4Devs-pipeline-202602-ro-IMV\\backend\\src\\application\\services\\candidateService.test.ts","startTime":1780823870809,"status":"passed","summary":""},{"assertionResults":[{"ancestorTitles":["getCandidatesByPosition"],"duration":6,"failureDetails":[],"failureMessages":[],"fullName":"getCandidatesByPosition should return 200 and candidates data","invocations":1,"location":null,"numPassingAsserts":2,"retryReasons":[],"status":"passed","title":"should return 200 and candidates data"}],"endTime":1780823884091,"message":"","name":"C:\\Users\\IsaacMani\\Cursor\\AI4DEVS-LIDR\\Modulo13_AI4Devs-pipeline-202602-ro-IMV\\AI4Devs-pipeline-202602-ro-IMV\\backend\\src\\presentation\\controllers\\positionController.test.ts","startTime":1780823883421,"status":"passed","summary":""},{"assertionResults":[{"ancestorTitles":["getCandidatesByPositionService"],"duration":49,"failureDetails":[],"failureMessages":[],"fullName":"getCandidatesByPositionService should return candidates with their average scores","invocations":1,"location":null,"numPassingAsserts":1,"retryReasons":[],"status":"passed","title":"should return candidates with their average scores"}],"endTime":1780823884163,"message":"","name":"C:\\Users\\IsaacMani\\Cursor\\AI4DEVS-LIDR\\Modulo13_AI4Devs-pipeline-202602-ro-IMV\\AI4Devs-pipeline-202602-ro-IMV\\backend\\src\\application\\services\\positionService.test.ts","startTime":1780823870809,"status":"passed","summary":""},{"assertionResults":[{"ancestorTitles":["updateCandidateStageController"],"duration":33,"failureDetails":[],"failureMessages":[],"fullName":"updateCandidateStageController should return 200 and updated candidate stage","invocations":1,"location":null,"numPassingAsserts":2,"retryReasons":[],"status":"passed","title":"should return 200 and updated candidate stage"}],"endTime":1780823884219,"message":"","name":"C:\\Users\\IsaacMani\\Cursor\\AI4DEVS-LIDR\\Modulo13_AI4Devs-pipeline-202602-ro-IMV\\AI4Devs-pipeline-202602-ro-IMV\\backend\\src\\presentation\\controllers\\candidateController.test.ts","startTime":1780823870663,"status":"passed","summary":""},{"assertionResults":[{"ancestorTitles":["Upload API"],"duration":170,"failureDetails":[],"failureMessages":[],"fullName":"Upload API debe subir un archivo PDF válido con 200","invocations":1,"location":null,"numPassingAsserts":3,"retryReasons":[],"status":"passed","title":"debe subir un archivo PDF válido con 200"},{"ancestorTitles":["Upload API"],"duration":24,"failureDetails":[],"failureMessages":[],"fullName":"Upload API debe rechazar tipos de archivo no permitidos con 400","invocations":1,"location":null,"numPassingAsserts":2,"retryReasons":[],"status":"passed","title":"debe rechazar tipos de archivo no permitidos con 400"},{"ancestorTitles":["Upload API"],"duration":13,"failureDetails":[],"failureMessages":[],"fullName":"Upload API debe devolver 400 cuando no se envía archivo","invocations":1,"location":null,"numPassingAsserts":2,"retryReasons":[],"status":"passed","title":"debe devolver 400 cuando no se envía archivo"}],"endTime":1780823887447,"message":"","name":"C:\\Users\\IsaacMani\\Cursor\\AI4DEVS-LIDR\\Modulo13_AI4Devs-pipeline-202602-ro-IMV\\AI4Devs-pipeline-202602-ro-IMV\\backend\\src\\tests\\integration\\upload.api.test.ts","startTime":1780823870594,"status":"passed","summary":""},{"assertionResults":[{"ancestorTitles":["Positions API","GET /positions"],"duration":151,"failureDetails":[],"failureMessages":[],"fullName":"Positions API GET /positions debe devolver la lista de posiciones visibles con 200","invocations":1,"location":null,"numPassingAsserts":4,"retryReasons":[],"status":"passed","title":"debe devolver la lista de posiciones visibles con 200"},{"ancestorTitles":["Positions API","GET /positions/:id/candidates"],"duration":37,"failureDetails":[],"failureMessages":[],"fullName":"Positions API GET /positions/:id/candidates debe devolver candidatos de una posición existente","invocations":1,"location":null,"numPassingAsserts":4,"retryReasons":[],"status":"passed","title":"debe devolver candidatos de una posición existente"},{"ancestorTitles":["Positions API","GET /positions/:id/candidates"],"duration":47,"failureDetails":[],"failureMessages":[],"fullName":"Positions API GET /positions/:id/candidates debe devolver array vacío para posición sin candidatos","invocations":1,"location":null,"numPassingAsserts":2,"retryReasons":[],"status":"passed","title":"debe devolver array vacío para posición sin candidatos"},{"ancestorTitles":["Positions API","GET /positions/:id/interviewflow"],"duration":29,"failureDetails":[],"failureMessages":[],"fullName":"Positions API GET /positions/:id/interviewflow debe devolver el flujo de entrevistas de una posición existente","invocations":1,"location":null,"numPassingAsserts":5,"retryReasons":[],"status":"passed","title":"debe devolver el flujo de entrevistas de una posición existente"},{"ancestorTitles":["Positions API","GET /positions/:id/interviewflow"],"duration":18,"failureDetails":[],"failureMessages":[],"fullName":"Positions API GET /positions/:id/interviewflow debe devolver 404 para posición inexistente","invocations":1,"location":null,"numPassingAsserts":2,"retryReasons":[],"status":"passed","title":"debe devolver 404 para posición inexistente"}],"endTime":1780823888074,"message":"","name":"C:\\Users\\IsaacMani\\Cursor\\AI4DEVS-LIDR\\Modulo13_AI4Devs-pipeline-202602-ro-IMV\\AI4Devs-pipeline-202602-ro-IMV\\backend\\src\\tests\\integration\\positions.api.test.ts","startTime":1780823870811,"status":"passed","summary":""},{"assertionResults":[{"ancestorTitles":["Candidates API","POST /candidates"],"duration":240,"failureDetails":[],"failureMessages":[],"fullName":"Candidates API POST /candidates debe crear un candidato válido y devolver 201","invocations":1,"location":null,"numPassingAsserts":3,"retryReasons":[],"status":"passed","title":"debe crear un candidato válido y devolver 201"},{"ancestorTitles":["Candidates API","POST /candidates"],"duration":17,"failureDetails":[],"failureMessages":[],"fullName":"Candidates API POST /candidates debe rechazar datos inválidos con 400","invocations":1,"location":null,"numPassingAsserts":2,"retryReasons":[],"status":"passed","title":"debe rechazar datos inválidos con 400"},{"ancestorTitles":["Candidates API","POST /candidates"],"duration":75,"failureDetails":[],"failureMessages":[],"fullName":"Candidates API POST /candidates debe rechazar email duplicado con 400","invocations":1,"location":null,"numPassingAsserts":2,"retryReasons":[],"status":"passed","title":"debe rechazar email duplicado con 400"},{"ancestorTitles":["Candidates API","POST /candidates"],"duration":213,"failureDetails":[],"failureMessages":[],"fullName":"Candidates API POST /candidates debe crear candidato con educación y experiencia laboral","invocations":1,"location":null,"numPassingAsserts":2,"retryReasons":[],"status":"passed","title":"debe crear candidato con educación y experiencia laboral"},{"ancestorTitles":["Candidates API","GET /candidates/:id"],"duration":51,"failureDetails":[],"failureMessages":[],"fullName":"Candidates API GET /candidates/:id debe devolver un candidato existente con 200","invocations":1,"location":null,"numPassingAsserts":4,"retryReasons":[],"status":"passed","title":"debe devolver un candidato existente con 200"},{"ancestorTitles":["Candidates API","GET /candidates/:id"],"duration":20,"failureDetails":[],"failureMessages":[],"fullName":"Candidates API GET /candidates/:id debe devolver 404 para candidato inexistente","invocations":1,"location":null,"numPassingAsserts":2,"retryReasons":[],"status":"passed","title":"debe devolver 404 para candidato inexistente"},{"ancestorTitles":["Candidates API","GET /candidates/:id"],"duration":12,"failureDetails":[],"failureMessages":[],"fullName":"Candidates API GET /candidates/:id debe devolver 400 para ID no numérico","invocations":1,"location":null,"numPassingAsserts":2,"retryReasons":[],"status":"passed","title":"debe devolver 400 para ID no numérico"},{"ancestorTitles":["Candidates API","PUT /candidates/:id"],"duration":78,"failureDetails":[],"failureMessages":[],"fullName":"Candidates API PUT /candidates/:id debe actualizar la etapa de entrevista de una aplicación existente","invocations":1,"location":null,"numPassingAsserts":3,"retryReasons":[],"status":"passed","title":"debe actualizar la etapa de entrevista de una aplicación existente"},{"ancestorTitles":["Candidates API","PUT /candidates/:id"],"duration":25,"failureDetails":[],"failureMessages":[],"fullName":"Candidates API PUT /candidates/:id debe devolver 404 para aplicación inexistente","invocations":1,"location":null,"numPassingAsserts":2,"retryReasons":[],"status":"passed","title":"debe devolver 404 para aplicación inexistente"},{"ancestorTitles":["Candidates API","PUT /candidates/:id"],"duration":14,"failureDetails":[],"failureMessages":[],"fullName":"Candidates API PUT /candidates/:id debe devolver 400 para applicationId inválido","invocations":1,"location":null,"numPassingAsserts":2,"retryReasons":[],"status":"passed","title":"debe devolver 400 para applicationId inválido"}],"endTime":1780823888435,"message":"","name":"C:\\Users\\IsaacMani\\Cursor\\AI4DEVS-LIDR\\Modulo13_AI4Devs-pipeline-202602-ro-IMV\\AI4Devs-pipeline-202602-ro-IMV\\backend\\src\\tests\\integration\\candidates.api.test.ts","startTime":1780823870717,"status":"passed","summary":""},{"assertionResults":[{"ancestorTitles":["API Health Check"],"duration":75,"failureDetails":[],"failureMessages":[],"fullName":"API Health Check GET / debe responder 200 con mensaje de bienvenida","invocations":1,"location":null,"numPassingAsserts":2,"retryReasons":[],"status":"passed","title":"GET / debe responder 200 con mensaje de bienvenida"}],"endTime":1780823889743,"message":"","name":"C:\\Users\\IsaacMani\\Cursor\\AI4DEVS-LIDR\\Modulo13_AI4Devs-pipeline-202602-ro-IMV\\AI4Devs-pipeline-202602-ro-IMV\\backend\\src\\tests\\integration\\api.health.test.ts","startTime":1780823883032,"status":"passed","summary":""}],"wasInterrupted":false}
